C51 COMPILER V9.01   MAIN                                                                  02/07/2021 16:12:06 PAGE 1   


C51 COMPILER V9.01, COMPILATION OF MODULE MAIN
OBJECT MODULE PLACED IN .\Objects\main.obj
COMPILER INVOKED BY: D:\software\keil\C51\BIN\C51.EXE main.c OPTIMIZE(8,SPEED) BROWSE DEBUG OBJECTEXTEND PRINT(.\Listing
                    -s\main.lst) TABS(2) OBJECT(.\Objects\main.obj)

line level    source

   1          /*******************************************
   2          名称：51蓝牙小车
   3          作者：化作尘
   4          时间：2020年11月18日21:36:47
   5          哔哩哔哩项目视频：https://www.bilibili.com/video/BV1Wy4y1z7a5
   6          csdn博客教程：https://blog.csdn.net/mbs520/article/details/109775964
   7          邮箱:2809786963@qq.com
   8          *******************************************/
   9          
  10          #include "reg52.h"
  11          
  12          
  13          #define uchar unsigned char
  14          #define uint unsigned char
  15          
  16          
  17          /***小车控制定义**/
  18          #define DIR P1
  19          #define QIAN 0xaa 
  20          #define HOU 0x55 
  21          #define ZUO 0x5a 
  22          #define YOU 0xa5 
  23          #define STOP 0x00 
  24          
  25          
  26          void uart_init();
  27          void uart_tx_string(uchar *str);
  28          void uart_tx_byte(uchar str);
  29          void Delayms(unsigned int n);
  30          void Delayus(unsigned int n);
  31          uchar rec;
  32          
  33          /*********************************************************
  34          函数名：主函数
  35          *********************************************************/
  36          void main()
  37          {
  38   1              int v=4;
  39   1              uart_init();
  40   1              DIR = STOP;
  41   1              Delayms(1);
  42   1              uart_tx_string("hello buletooch car!\n");
  43   1              while(1)
  44   1              {
  45   2                rec  = 1;
  46   2                      switch(rec)
  47   2                      {
  48   3                        case 0:v++; rec=10;                                     break;
  49   3                        case 1:DIR = QIAN;Delayus(3);DIR = STOP;Delayus(10);  break;
  50   3                        case 2:DIR = HOU; Delayus(v);DIR = STOP;Delayus(100);   break;
  51   3                        case 3:DIR = ZUO; Delayus(v);DIR = STOP;Delayus(40);    break;
  52   3                        case 4:DIR = YOU; Delayus(v);DIR = STOP;Delayus(40);    break;
  53   3                        case 5:DIR = STOP;Delayus(v);DIR = STOP;Delayus(100);   break;
  54   3                      }
C51 COMPILER V9.01   MAIN                                                                  02/07/2021 16:12:06 PAGE 2   

  55   2              }
  56   1      }
  57          
  58          /*********************************************************
  59          函数名：串口中断
  60          *********************************************************/
  61          void uart_timer() interrupt 4
  62          {
  63   1              if(RI)
  64   1              {
  65   2                      RI=0;
  66   2                      rec=SBUF;
  67   2                      uart_tx_byte('&');
  68   2                      Delayms(2);
  69   2                      uart_tx_byte(rec);
  70   2                      Delayms(2);
  71   2                      uart_tx_byte('&');
  72   2              }
  73   1      }
  74          
  75          /*********************************************************
  76          函数名：串口初始化
  77          波特率：9600
  78          晶振：11.059M
  79          *********************************************************/
  80          void uart_init()
  81          {
  82   1              TMOD=TMOD&0x0F;
  83   1              TMOD=0x20;
  84   1              TH1=0xFD;
  85   1              TL1=0xFD;
  86   1              TR1=1;
  87   1              SCON=SCON&0x0F;
  88   1              SCON=0x50;
  89   1              EA=1;
  90   1              ES=1;
  91   1      }
  92           
  93          /*********************************************************
  94          函数名：串口发送一个字节
  95          *********************************************************/
  96          void uart_tx_byte(uchar str)
  97          {
  98   1              SBUF=str;
  99   1              while(!TI);
 100   1      }
 101          
 102          /*********************************************************
 103          函数名：串口发送一个字符串
 104          *********************************************************/
 105          void uart_tx_string(uchar *str)
 106          {
 107   1              while(*str!='\0')
 108   1              {
 109   2                      uart_tx_byte(*str++);
 110   2                      Delayms(2);
 111   2              }
 112   1      }
 113          
 114          /*********************************************************
 115          函数名：延时函数
 116          *********************************************************/
C51 COMPILER V9.01   MAIN                                                                  02/07/2021 16:12:06 PAGE 3   

 117          void Delayms(unsigned int n)
 118          {
 119   1              unsigned int i,j;
 120   1              for(j=n;j>0;j--)
 121   1                      for(i=112;i>0;i--);
 122   1      }
 123          void Delayus(unsigned int n)
 124          {
 125   1              while(n--);
 126   1      }
 127          
 128          
 129          
 130          


MODULE INFORMATION:   STATIC OVERLAYABLE
   CODE SIZE        =    347    ----
   CONSTANT SIZE    =     22    ----
   XDATA SIZE       =   ----    ----
   PDATA SIZE       =   ----    ----
   DATA SIZE        =      1       5
   IDATA SIZE       =   ----    ----
   BIT SIZE         =   ----    ----
END OF MODULE INFORMATION.


C51 COMPILATION COMPLETE.  0 WARNING(S),  0 ERROR(S)
